{"/Users/andreasmacbookpro/Git Repos/thesis-management-team17/server/Controllers/AuthenticationController.js": {"path":"/Users/andreasmacbookpro/Git Repos/thesis-management-team17/server/Controllers/AuthenticationController.js","statementMap":{"0":{"start":{"line":3,"column":17},"end":{"line":3,"column":36}},"1":{"start":{"line":5,"column":0},"end":{"line":37,"column":1}},"2":{"start":{"line":9,"column":8},"end":{"line":35,"column":9}},"3":{"start":{"line":10,"column":12},"end":{"line":32,"column":13}},"4":{"start":{"line":11,"column":16},"end":{"line":21,"column":19}},"5":{"start":{"line":23,"column":16},"end":{"line":31,"column":19}},"6":{"start":{"line":34,"column":12},"end":{"line":34,"column":67}}},"fnMap":{"0":{"name":"(anonymous_0)","decl":{"start":{"line":8,"column":13},"end":{"line":8,"column":14}},"loc":{"start":{"line":8,"column":27},"end":{"line":36,"column":5}},"line":8}},"branchMap":{"0":{"loc":{"start":{"line":9,"column":8},"end":{"line":35,"column":9}},"type":"if","locations":[{"start":{"line":9,"column":8},"end":{"line":35,"column":9}},{"start":{"line":33,"column":15},"end":{"line":35,"column":9}}],"line":9},"1":{"loc":{"start":{"line":10,"column":12},"end":{"line":32,"column":13}},"type":"if","locations":[{"start":{"line":10,"column":12},"end":{"line":32,"column":13}},{"start":{"line":22,"column":19},"end":{"line":32,"column":13}}],"line":10}},"s":{"0":1,"1":1,"2":2,"3":1,"4":1,"5":0,"6":1},"f":{"0":2},"b":{"0":[1,1],"1":[1,0]},"_coverageSchema":"1a1c01bbd47fc00a2c39e90264f33305004495a9","hash":"ee153d08d4c757c367e99f494836dc7871decf71"}
,"/Users/andreasmacbookpro/Git Repos/thesis-management-team17/server/Controllers/TeacherController.js": {"path":"/Users/andreasmacbookpro/Git Repos/thesis-management-team17/server/Controllers/TeacherController.js","statementMap":{"0":{"start":{"line":3,"column":16},"end":{"line":3,"column":44}},"1":{"start":{"line":5,"column":0},"end":{"line":20,"column":2}},"2":{"start":{"line":7,"column":4},"end":{"line":7,"column":37}},"3":{"start":{"line":9,"column":4},"end":{"line":18,"column":9}},"4":{"start":{"line":13,"column":8},"end":{"line":13,"column":44}},"5":{"start":{"line":17,"column":8},"end":{"line":17,"column":69}}},"fnMap":{"0":{"name":"(anonymous_0)","decl":{"start":{"line":6,"column":17},"end":{"line":6,"column":18}},"loc":{"start":{"line":6,"column":37},"end":{"line":19,"column":3}},"line":6},"1":{"name":"(anonymous_1)","decl":{"start":{"line":11,"column":12},"end":{"line":11,"column":13}},"loc":{"start":{"line":11,"column":24},"end":{"line":14,"column":7}},"line":11},"2":{"name":"(anonymous_2)","decl":{"start":{"line":15,"column":13},"end":{"line":15,"column":14}},"loc":{"start":{"line":15,"column":22},"end":{"line":18,"column":7}},"line":15}},"branchMap":{},"s":{"0":1,"1":1,"2":1,"3":1,"4":0,"5":0},"f":{"0":1,"1":0,"2":0},"b":{},"_coverageSchema":"1a1c01bbd47fc00a2c39e90264f33305004495a9","hash":"9413b41feadbeeff314b7e25384f6131de386953"}
,"/Users/andreasmacbookpro/Git Repos/thesis-management-team17/server/Controllers/TestController.js": {"path":"/Users/andreasmacbookpro/Git Repos/thesis-management-team17/server/Controllers/TestController.js","statementMap":{"0":{"start":{"line":3,"column":17},"end":{"line":3,"column":36}},"1":{"start":{"line":4,"column":13},"end":{"line":4,"column":38}},"2":{"start":{"line":6,"column":0},"end":{"line":13,"column":2}},"3":{"start":{"line":8,"column":8},"end":{"line":8,"column":23}},"4":{"start":{"line":11,"column":8},"end":{"line":11,"column":37}}},"fnMap":{"0":{"name":"(anonymous_0)","decl":{"start":{"line":7,"column":13},"end":{"line":7,"column":14}},"loc":{"start":{"line":7,"column":27},"end":{"line":9,"column":5}},"line":7},"1":{"name":"(anonymous_1)","decl":{"start":{"line":10,"column":14},"end":{"line":10,"column":15}},"loc":{"start":{"line":10,"column":28},"end":{"line":12,"column":5}},"line":10}},"branchMap":{},"s":{"0":1,"1":1,"2":1,"3":0,"4":0},"f":{"0":0,"1":0},"b":{},"_coverageSchema":"1a1c01bbd47fc00a2c39e90264f33305004495a9","hash":"91a5dd4c1bc1836de025126e4e33bbdfb6824900"}
,"/Users/andreasmacbookpro/Git Repos/thesis-management-team17/server/Models/Teacher.js": {"path":"/Users/andreasmacbookpro/Git Repos/thesis-management-team17/server/Models/Teacher.js","statementMap":{"0":{"start":{"line":2,"column":15},"end":{"line":2,"column":33}},"1":{"start":{"line":3,"column":16},"end":{"line":3,"column":47}},"2":{"start":{"line":6,"column":11},"end":{"line":9,"column":2}},"3":{"start":{"line":7,"column":4},"end":{"line":7,"column":40}},"4":{"start":{"line":7,"column":13},"end":{"line":7,"column":40}},"5":{"start":{"line":8,"column":4},"end":{"line":8,"column":38}},"6":{"start":{"line":13,"column":0},"end":{"line":27,"column":4}},"7":{"start":{"line":14,"column":4},"end":{"line":26,"column":7}},"8":{"start":{"line":15,"column":18},"end":{"line":15,"column":154}},"9":{"start":{"line":16,"column":6},"end":{"line":25,"column":9}},"10":{"start":{"line":18,"column":8},"end":{"line":21,"column":9}},"11":{"start":{"line":19,"column":10},"end":{"line":19,"column":22}},"12":{"start":{"line":20,"column":10},"end":{"line":20,"column":17}},"13":{"start":{"line":22,"column":28},"end":{"line":22,"column":185}},"14":{"start":{"line":22,"column":45},"end":{"line":22,"column":183}},"15":{"start":{"line":23,"column":8},"end":{"line":23,"column":32}},"16":{"start":{"line":24,"column":8},"end":{"line":24,"column":29}}},"fnMap":{"0":{"name":"(anonymous_0)","decl":{"start":{"line":6,"column":55},"end":{"line":6,"column":56}},"loc":{"start":{"line":6,"column":64},"end":{"line":9,"column":1}},"line":6},"1":{"name":"(anonymous_1)","decl":{"start":{"line":13,"column":24},"end":{"line":13,"column":25}},"loc":{"start":{"line":13,"column":30},"end":{"line":27,"column":3}},"line":13},"2":{"name":"(anonymous_2)","decl":{"start":{"line":14,"column":23},"end":{"line":14,"column":24}},"loc":{"start":{"line":14,"column":44},"end":{"line":26,"column":5}},"line":14},"3":{"name":"(anonymous_3)","decl":{"start":{"line":16,"column":22},"end":{"line":16,"column":23}},"loc":{"start":{"line":16,"column":37},"end":{"line":25,"column":7}},"line":16},"4":{"name":"(anonymous_4)","decl":{"start":{"line":22,"column":37},"end":{"line":22,"column":38}},"loc":{"start":{"line":22,"column":45},"end":{"line":22,"column":183}},"line":22}},"branchMap":{"0":{"loc":{"start":{"line":7,"column":4},"end":{"line":7,"column":40}},"type":"if","locations":[{"start":{"line":7,"column":4},"end":{"line":7,"column":40}},{"start":{},"end":{}}],"line":7},"1":{"loc":{"start":{"line":18,"column":8},"end":{"line":21,"column":9}},"type":"if","locations":[{"start":{"line":18,"column":8},"end":{"line":21,"column":9}},{"start":{},"end":{}}],"line":18}},"s":{"0":1,"1":1,"2":1,"3":0,"4":0,"5":0,"6":1,"7":1,"8":1,"9":1,"10":0,"11":0,"12":0,"13":0,"14":0,"15":0,"16":0},"f":{"0":0,"1":1,"2":1,"3":0,"4":0},"b":{"0":[0,0],"1":[0,0]},"_coverageSchema":"1a1c01bbd47fc00a2c39e90264f33305004495a9","hash":"601cb3bf0a7a059913db4aecedb25fefa2d3252c"}
,"/Users/andreasmacbookpro/Git Repos/thesis-management-team17/server/Models/Test.js": {"path":"/Users/andreasmacbookpro/Git Repos/thesis-management-team17/server/Models/Test.js","statementMap":{"0":{"start":{"line":1,"column":0},"end":{"line":14,"column":2}},"1":{"start":{"line":3,"column":8},"end":{"line":6,"column":11}},"2":{"start":{"line":4,"column":12},"end":{"line":4,"column":41}},"3":{"start":{"line":5,"column":12},"end":{"line":5,"column":36}},"4":{"start":{"line":9,"column":8},"end":{"line":12,"column":11}},"5":{"start":{"line":10,"column":12},"end":{"line":10,"column":30}},"6":{"start":{"line":11,"column":12},"end":{"line":11,"column":38}}},"fnMap":{"0":{"name":"(anonymous_0)","decl":{"start":{"line":2,"column":13},"end":{"line":2,"column":14}},"loc":{"start":{"line":2,"column":19},"end":{"line":7,"column":5}},"line":2},"1":{"name":"(anonymous_1)","decl":{"start":{"line":3,"column":27},"end":{"line":3,"column":28}},"loc":{"start":{"line":3,"column":48},"end":{"line":6,"column":9}},"line":3},"2":{"name":"(anonymous_2)","decl":{"start":{"line":8,"column":14},"end":{"line":8,"column":15}},"loc":{"start":{"line":8,"column":24},"end":{"line":13,"column":5}},"line":8},"3":{"name":"(anonymous_3)","decl":{"start":{"line":9,"column":27},"end":{"line":9,"column":28}},"loc":{"start":{"line":9,"column":48},"end":{"line":12,"column":9}},"line":9}},"branchMap":{},"s":{"0":1,"1":0,"2":0,"3":0,"4":0,"5":0,"6":0},"f":{"0":0,"1":0,"2":0,"3":0},"b":{},"_coverageSchema":"1a1c01bbd47fc00a2c39e90264f33305004495a9","hash":"3f7bf694c89e60013c682043b449569125a8134a"}
,"/Users/andreasmacbookpro/Git Repos/thesis-management-team17/server/Router/RouterTest.js": {"path":"/Users/andreasmacbookpro/Git Repos/thesis-management-team17/server/Router/RouterTest.js","statementMap":{"0":{"start":{"line":1,"column":16},"end":{"line":1,"column":34}},"1":{"start":{"line":2,"column":19},"end":{"line":2,"column":35}},"2":{"start":{"line":4,"column":23},"end":{"line":4,"column":63}},"3":{"start":{"line":6,"column":0},"end":{"line":6,"column":44}},"4":{"start":{"line":8,"column":0},"end":{"line":8,"column":46}},"5":{"start":{"line":10,"column":0},"end":{"line":10,"column":28}}},"fnMap":{},"branchMap":{},"s":{"0":1,"1":1,"2":1,"3":1,"4":1,"5":1},"f":{},"b":{},"_coverageSchema":"1a1c01bbd47fc00a2c39e90264f33305004495a9","hash":"9cfe05bb1cc064aa00868ca4a9f05ffeafe6bd5f"}
}
