{"C:\\Users\\gizem\\thesis-management-team17\\server\\Controllers\\AuthenticationController.js": {"path":"C:\\Users\\gizem\\thesis-management-team17\\server\\Controllers\\AuthenticationController.js","statementMap":{"0":{"start":{"line":3,"column":17},"end":{"line":3,"column":36}},"1":{"start":{"line":5,"column":0},"end":{"line":37,"column":1}},"2":{"start":{"line":9,"column":8},"end":{"line":35,"column":9}},"3":{"start":{"line":10,"column":12},"end":{"line":32,"column":13}},"4":{"start":{"line":11,"column":16},"end":{"line":21,"column":19}},"5":{"start":{"line":23,"column":16},"end":{"line":31,"column":19}},"6":{"start":{"line":34,"column":12},"end":{"line":34,"column":67}}},"fnMap":{"0":{"name":"(anonymous_0)","decl":{"start":{"line":8,"column":13},"end":{"line":8,"column":14}},"loc":{"start":{"line":8,"column":27},"end":{"line":36,"column":5}},"line":8}},"branchMap":{"0":{"loc":{"start":{"line":9,"column":8},"end":{"line":35,"column":9}},"type":"if","locations":[{"start":{"line":9,"column":8},"end":{"line":35,"column":9}},{"start":{"line":33,"column":15},"end":{"line":35,"column":9}}],"line":9},"1":{"loc":{"start":{"line":10,"column":12},"end":{"line":32,"column":13}},"type":"if","locations":[{"start":{"line":10,"column":12},"end":{"line":32,"column":13}},{"start":{"line":22,"column":19},"end":{"line":32,"column":13}}],"line":10}},"s":{"0":1,"1":1,"2":2,"3":1,"4":1,"5":0,"6":1},"f":{"0":2},"b":{"0":[1,1],"1":[1,0]},"_coverageSchema":"1a1c01bbd47fc00a2c39e90264f33305004495a9","hash":"c64dd29f0ad2a3665bfb8b5b70d88a98f8ad49c6"}
}
